<?xml version="1.0" encoding="utf-8"?>
<graphml xmlns="http://graphml.graphdrawing.org/xmlns" xmlns:java="http://www.yworks.com/xml/yfiles-common/1.0/java" xmlns:sys="http://www.yworks.com/xml/yfiles-common/markup/primitives/2.0" xmlns:x="http://www.yworks.com/xml/yfiles-common/markup/2.0" xmlns:xsi="http://www.w3.org/2001/XMLSchema-instance" xmlns:y="http://www.yworks.com/xml/graphml" xmlns:yed="http://www.yworks.com/xml/yed/3" xsi:schemaLocation="http://graphml.graphdrawing.org/xmlns http://www.yworks.com/xml/schema/graphml/1.1/ygraphml.xsd">
<!--Created by yEd 3.23.1-->
<key attr.name="Description" attr.type="string" for="graph" id="d0"/>
<key attr.name="csCode" attr.type="string" for="graph" id="d1">
<default xml:space="preserve"/>
</key>
<key attr.name="identifier" attr.type="string" for="graph" id="d2">
<default xml:space="preserve"/>
</key>
<key attr.name="parentid" attr.type="string" for="graph" id="d3">
<default xml:space="preserve"/>
</key>
<key attr.name="rootid" attr.type="string" for="graph" id="d4">
<default xml:space="preserve"/>
</key>
<key attr.name="parentCSID" attr.type="string" for="graph" id="d5">
<default xml:space="preserve"/>
</key>
<key for="port" id="d6" yfiles.type="portgraphics"/>
<key for="port" id="d7" yfiles.type="portgeometry"/>
<key for="port" id="d8" yfiles.type="portuserdata"/>
<key attr.name="csID" attr.type="string" for="node" id="d9">
<default xml:space="preserve"/>
</key>
<key attr.name="rmID" attr.type="int" for="node" id="d10">
<default xml:space="preserve">0</default>
</key>
<key attr.name="external" attr.type="boolean" for="node" id="d11">
<default xml:space="preserve">false</default>
</key>
<key attr.name="project" attr.type="string" for="node" id="d12">
<default xml:space="preserve"/>
</key>
<key attr.name="url" attr.type="string" for="node" id="d13"/>
<key attr.name="description" attr.type="string" for="node" id="d14"/>
<key for="node" id="d15" yfiles.type="nodegraphics"/>
<key for="graphml" id="d16" yfiles.type="resources"/>
<key attr.name="url" attr.type="string" for="edge" id="d17"/>
<key attr.name="description" attr.type="string" for="edge" id="d18"/>
<key for="edge" id="d19" yfiles.type="edgegraphics"/>
<graph edgedefault="directed" id="G">
<data key="d0" xml:space="preserve"/>
<data key="d1" xml:space="preserve">MRp</data>
<data key="d2" xml:space="preserve">mrpath</data>
<data key="d3" xml:space="preserve">mrdecision</data>
<data key="d4" xml:space="preserve">missionrobot</data>
<data key="d5" xml:space="preserve">MRd</data>
<node id="n0" yfiles.foldertype="group">
<data key="d11" xml:space="preserve">true</data>
<data key="d12" xml:space="preserve">missionrobot</data>
<data key="d15">
<y:ProxyAutoBoundsNode>
<y:Realizers active="0">
<y:GroupNode>
<y:Geometry height="360.3828125" width="863.7303931341562" x="-897.6083696227411" y="381.01430518632833"/>
<y:Fill color="#FFFFFF" transparent="false"/>
<y:BorderStyle color="#000000" type="dashed" width="1.0"/>
<y:NodeLabel alignment="right" autoSizePolicy="node_width" backgroundColor="#EBEBEB" borderDistance="0.0" fontFamily="Dialog" fontSize="15" fontStyle="plain" height="21.4609375" horizontalTextPosition="center" iconTextGap="4" lineColor="#3366FF" modelName="internal" modelPosition="t" textColor="#0000FF" verticalTextPosition="bottom" visible="true" width="863.7303931341562" x="0.0" xml:space="preserve" y="0.0">MissionRobot</y:NodeLabel>
<y:Shape type="roundrectangle"/>
<y:State closed="false" closedHeight="1557.3791055961901" closedWidth="1419.1561391088312" groupDepthFillColorEnabled="false" innerGraphDisplayEnabled="false"/>
<y:NodeBounds considerNodeLabelSize="true"/>
<y:Insets bottom="15" bottomF="15.0" left="15" leftF="15.0" right="15" rightF="15.0" top="15" topF="15.0"/>
<y:BorderInsets bottom="0" bottomF="0.0" left="0" leftF="0.0" right="0" rightF="0.0" top="0" topF="0.0"/>
</y:GroupNode>
<y:GroupNode>
<y:Geometry height="1557.3791055961901" width="1419.1561391088312" x="-512.2167392454821" y="-63.97138962734334"/>
<y:Fill color="#FFFFFF" transparent="false"/>
<y:BorderStyle color="#000000" type="dashed" width="1.0"/>
<y:NodeLabel alignment="right" autoSizePolicy="node_width" backgroundColor="#EBEBEB" borderDistance="0.0" fontFamily="Dialog" fontSize="15" fontStyle="plain" hasLineColor="false" height="21.4609375" horizontalTextPosition="center" iconTextGap="4" modelName="internal" modelPosition="t" textColor="#000000" verticalTextPosition="bottom" visible="true" width="1419.1561391088312" x="0.0" xml:space="preserve" y="0.0">MissionRobot</y:NodeLabel>
<y:Shape type="roundrectangle"/>
<y:State closed="true" closedHeight="1557.3791055961901" closedWidth="1419.1561391088312" groupDepthFillColorEnabled="false" innerGraphDisplayEnabled="false"/>
<y:Insets bottom="15" bottomF="15.0" left="15" leftF="15.0" right="15" rightF="15.0" top="15" topF="15.0"/>
<y:BorderInsets bottom="0" bottomF="0.0" left="0" leftF="0.0" right="0" rightF="0.0" top="0" topF="0.0"/>
</y:GroupNode>
</y:Realizers>
</y:ProxyAutoBoundsNode>
</data>
<graph edgedefault="directed" id="n0:">
<node id="n0::n0" yfiles.foldertype="group">
<data key="d11" xml:space="preserve">true</data>
<data key="d12" xml:space="preserve">missionrobot</data>
<data key="d13" xml:space="preserve"/>
<data key="d15">
<y:ProxyAutoBoundsNode>
<y:Realizers active="0">
<y:GroupNode>
<y:Geometry height="308.921875" width="833.7303931341562" x="-882.6083696227411" y="417.47524268632833"/>
<y:Fill hasColor="false" transparent="false"/>
<y:BorderStyle color="#000000" type="dashed" width="1.0"/>
<y:NodeLabel alignment="right" autoSizePolicy="node_width" backgroundColor="#EBEBEB" borderDistance="0.0" fontFamily="Dialog" fontSize="15" fontStyle="plain" height="21.4609375" horizontalTextPosition="center" iconTextGap="4" lineColor="#3366FF" modelName="internal" modelPosition="t" textColor="#0000FF" verticalTextPosition="bottom" visible="true" width="833.7303931341562" x="0.0" xml:space="preserve" y="0.0">Path</y:NodeLabel>
<y:Shape type="roundrectangle"/>
<y:State closed="false" closedHeight="1557.3791055961901" closedWidth="1419.1561391088312" innerGraphDisplayEnabled="false"/>
<y:NodeBounds considerNodeLabelSize="true"/>
<y:Insets bottom="15" bottomF="15.0" left="15" leftF="15.0" right="15" rightF="15.0" top="15" topF="15.0"/>
<y:BorderInsets bottom="0" bottomF="0.0" left="0" leftF="0.0" right="0" rightF="0.0" top="0" topF="0.0"/>
</y:GroupNode>
<y:GroupNode>
<y:Geometry height="468.37910559619013" width="527.1561391088312" x="636.5641200595787" y="-91.40766643582128"/>
<y:Fill hasColor="false" transparent="false"/>
<y:BorderStyle color="#000000" type="dashed" width="1.0"/>
<y:NodeLabel alignment="right" autoSizePolicy="node_width" backgroundColor="#EBEBEB" borderDistance="0.0" fontFamily="Dialog" fontSize="15" fontStyle="plain" hasLineColor="false" height="21.4609375" horizontalTextPosition="center" iconTextGap="4" modelName="internal" modelPosition="t" textColor="#000000" verticalTextPosition="bottom" visible="true" width="527.1561391088312" x="0.0" xml:space="preserve" y="0.0">Path</y:NodeLabel>
<y:Shape type="roundrectangle"/>
<y:State closed="true" closedHeight="468.37910559619013" closedWidth="527.1561391088312" innerGraphDisplayEnabled="false"/>
<y:NodeBounds considerNodeLabelSize="true"/>
<y:Insets bottom="15" bottomF="15.0" left="15" leftF="15.0" right="15" rightF="15.0" top="15" topF="15.0"/>
<y:BorderInsets bottom="0" bottomF="0.0" left="0" leftF="0.0" right="0" rightF="0.0" top="0" topF="0.0"/>
</y:GroupNode>
</y:Realizers>
</y:ProxyAutoBoundsNode>
</data>
<graph edgedefault="directed" id="n0::n0:">
<node id="n0::n0::n0">
<data key="d11" xml:space="preserve">true</data>
<data key="d12" xml:space="preserve">missionrobot</data>
<data key="d13" xml:space="preserve"/>
<data key="d15">
<y:ShapeNode>
<y:Geometry height="30.0" width="61.185546875" x="-531.5686419848885" y="453.93618018632833"/>
<y:Fill color="#FFCC00" transparent="false"/>
<y:BorderStyle color="#000000" type="line" width="1.0"/>
<y:NodeLabel alignment="center" autoSizePolicy="content" fontFamily="Dialog" fontSize="12" fontStyle="plain" hasBackgroundColor="false" height="17.96875" horizontalTextPosition="center" iconTextGap="4" lineColor="#3366FF" modelName="internal" modelPosition="c" textColor="#0000FF" verticalTextPosition="bottom" visible="true" width="51.185546875" x="5.0" xml:space="preserve" y="6.015625">00_stop</y:NodeLabel>
<y:Shape type="roundrectangle"/>
</y:ShapeNode>
</data>
<data key="d9"></data><data key="d10">0</data></node>
<node id="n0::n0::n1" yfiles.foldertype="group">
<data key="d11" xml:space="preserve">true</data>
<data key="d12" xml:space="preserve">mrdecision</data>
<data key="d13" xml:space="preserve"/>
<data key="d15">
<y:ProxyAutoBoundsNode>
<y:Realizers active="0">
<y:GroupNode>
<y:Geometry height="213.421875" width="803.7303931341562" x="-867.6083696227411" y="497.97524268632833"/>
<y:Fill hasColor="false" transparent="false"/>
<y:BorderStyle color="#000000" type="dashed" width="1.0"/>
<y:NodeLabel alignment="right" autoSizePolicy="node_width" backgroundColor="#EBEBEB" borderDistance="0.0" fontFamily="Dialog" fontSize="15" fontStyle="plain" height="21.4609375" horizontalTextPosition="center" iconTextGap="4" lineColor="#3366FF" modelName="internal" modelPosition="t" textColor="#0000FF" verticalTextPosition="bottom" visible="true" width="803.7303931341562" x="0.0" xml:space="preserve" y="0.0">Decision</y:NodeLabel>
<y:Shape type="roundrectangle"/>
<y:State closed="false" closedHeight="1557.3791055961901" closedWidth="1419.1561391088312" innerGraphDisplayEnabled="false"/>
<y:NodeBounds considerNodeLabelSize="true"/>
<y:Insets bottom="15" bottomF="15.0" left="15" leftF="15.0" right="15" rightF="15.0" top="15" topF="15.0"/>
<y:BorderInsets bottom="0" bottomF="0.0" left="24" leftF="24.0673828125" right="0" rightF="0.0" top="0" topF="0.0"/>
</y:GroupNode>
<y:GroupNode>
<y:Geometry height="1557.3791055961901" width="1419.1561391088312" x="271.0" y="511.0"/>
<y:Fill hasColor="false" transparent="false"/>
<y:BorderStyle color="#000000" type="dashed" width="1.0"/>
<y:NodeLabel alignment="right" autoSizePolicy="node_width" backgroundColor="#EBEBEB" borderDistance="0.0" fontFamily="Dialog" fontSize="15" fontStyle="plain" hasLineColor="false" height="21.4609375" horizontalTextPosition="center" iconTextGap="4" modelName="internal" modelPosition="t" textColor="#000000" verticalTextPosition="bottom" visible="true" width="1419.1561391088312" x="0.0" xml:space="preserve" y="0.0">Decision</y:NodeLabel>
<y:Shape type="roundrectangle"/>
<y:State closed="true" closedHeight="1557.3791055961901" closedWidth="1419.1561391088312" innerGraphDisplayEnabled="false"/>
<y:Insets bottom="15" bottomF="15.0" left="15" leftF="15.0" right="15" rightF="15.0" top="15" topF="15.0"/>
<y:BorderInsets bottom="0" bottomF="0.0" left="0" leftF="0.0" right="0" rightF="0.0" top="0" topF="0.0"/>
</y:GroupNode>
</y:Realizers>
</y:ProxyAutoBoundsNode>
</data>
<graph edgedefault="directed" id="n0::n0::n1:">
<node id="n0::n0::n1::n0" yfiles.foldertype="group">
<data key="d11" xml:space="preserve">true</data>
<data key="d12" xml:space="preserve">mrmob</data>
<data key="d13" xml:space="preserve"/>
<data key="d15">
<y:ProxyAutoBoundsNode>
<y:Realizers active="0">
<y:GroupNode>
<y:Geometry height="81.4609375" width="83.0" x="-542.4758685473885" y="614.9361801863283"/>
<y:Fill hasColor="false" transparent="false"/>
<y:BorderStyle color="#000000" type="dashed" width="1.0"/>
<y:NodeLabel alignment="right" autoSizePolicy="node_width" backgroundColor="#EBEBEB" borderDistance="0.0" fontFamily="Dialog" fontSize="15" fontStyle="plain" height="21.4609375" horizontalTextPosition="center" iconTextGap="4" lineColor="#3366FF" modelName="internal" modelPosition="t" textColor="#0000FF" verticalTextPosition="bottom" visible="true" width="83.0" x="0.0" xml:space="preserve" y="0.0">Mobility</y:NodeLabel>
<y:Shape type="roundrectangle"/>
<y:State closed="false" closedHeight="1557.3791055961901" closedWidth="1419.1561391088312" innerGraphDisplayEnabled="false"/>
<y:NodeBounds considerNodeLabelSize="true"/>
<y:Insets bottom="15" bottomF="15.0" left="15" leftF="15.0" right="15" rightF="15.0" top="15" topF="15.0"/>
<y:BorderInsets bottom="0" bottomF="0.0" left="12" leftF="11.71875" right="0" rightF="0.0" top="0" topF="0.0"/>
</y:GroupNode>
<y:GroupNode>
<y:Geometry height="1557.3791055961901" width="1419.1561391088312" x="-752.6618390956596" y="226.62198406996913"/>
<y:Fill hasColor="false" transparent="false"/>
<y:BorderStyle color="#000000" type="dashed" width="1.0"/>
<y:NodeLabel alignment="right" autoSizePolicy="node_width" backgroundColor="#EBEBEB" borderDistance="0.0" fontFamily="Dialog" fontSize="15" fontStyle="plain" hasLineColor="false" height="21.4609375" horizontalTextPosition="center" iconTextGap="4" modelName="internal" modelPosition="t" textColor="#000000" verticalTextPosition="bottom" visible="true" width="1419.1561391088312" x="0.0" xml:space="preserve" y="0.0">Mobility</y:NodeLabel>
<y:Shape type="roundrectangle"/>
<y:State closed="true" closedHeight="1557.3791055961901" closedWidth="1419.1561391088312" innerGraphDisplayEnabled="false"/>
<y:Insets bottom="15" bottomF="15.0" left="15" leftF="15.0" right="15" rightF="15.0" top="15" topF="15.0"/>
<y:BorderInsets bottom="0" bottomF="0.0" left="0" leftF="0.0" right="0" rightF="0.0" top="0" topF="0.0"/>
</y:GroupNode>
</y:Realizers>
</y:ProxyAutoBoundsNode>
</data>
<graph edgedefault="directed" id="n0::n0::n1::n0:">
<node id="n0::n0::n1::n0::n0">
<data key="d11" xml:space="preserve">true</data>
<data key="d12" xml:space="preserve">mrmob</data>
<data key="d13" xml:space="preserve"/>
<data key="d15">
<y:ShapeNode>
<y:Geometry height="30.0" width="41.28125" x="-515.7571185473885" y="651.3971176863283"/>
<y:Fill color="#FFCC00" transparent="false"/>
<y:BorderStyle color="#000000" type="line" width="1.0"/>
<y:NodeLabel alignment="center" autoSizePolicy="content" fontFamily="Dialog" fontSize="12" fontStyle="plain" hasBackgroundColor="false" height="17.96875" horizontalTextPosition="center" iconTextGap="4" lineColor="#3366FF" modelName="internal" modelPosition="c" textColor="#0000FF" verticalTextPosition="bottom" visible="true" width="31.28125" x="5.0" xml:space="preserve" y="6.015625">Stop</y:NodeLabel>
<y:Shape type="roundrectangle"/>
</y:ShapeNode>
</data>
<data key="d9"></data><data key="d10">0</data></node>
</graph>
<data key="d9"></data><data key="d10">0</data></node>
<node id="n0::n0::n1::n1">
<data key="d11" xml:space="preserve">true</data>
<data key="d12" xml:space="preserve">mrdecision</data>
<data key="d13" xml:space="preserve"/>
<data key="d15">
<y:ShapeNode>
<y:Geometry height="30.0" width="63.599609375" x="-239.15489090953565" y="534.4361801863283"/>
<y:Fill color="#FFCC00" transparent="false"/>
<y:BorderStyle color="#000000" type="line" width="1.0"/>
<y:NodeLabel alignment="center" autoSizePolicy="content" fontFamily="Dialog" fontSize="12" fontStyle="plain" hasBackgroundColor="false" height="17.96875" horizontalTextPosition="center" iconTextGap="4" lineColor="#3366FF" modelName="internal" modelPosition="c" textColor="#0000FF" verticalTextPosition="bottom" visible="true" width="53.599609375" x="5.0" xml:space="preserve" y="6.015625">BBW_00</y:NodeLabel>
<y:Shape type="roundrectangle"/>
</y:ShapeNode>
</data>
<data key="d9"></data><data key="d10">0</data></node>
<node id="n0::n0::n1::n2">
<data key="d11" xml:space="preserve">true</data>
<data key="d12" xml:space="preserve">mrdecision</data>
<data key="d13" xml:space="preserve"/>
<data key="d15">
<y:ShapeNode>
<y:Geometry height="30.0" width="70.865234375" x="-828.5409868102411" y="534.4361801863283"/>
<y:Fill color="#FFCC00" transparent="false"/>
<y:BorderStyle color="#000000" type="line" width="1.0"/>
<y:NodeLabel alignment="center" autoSizePolicy="content" fontFamily="Dialog" fontSize="12" fontStyle="plain" hasBackgroundColor="false" height="17.96875" horizontalTextPosition="center" iconTextGap="4" lineColor="#3366FF" modelName="internal" modelPosition="c" textColor="#0000FF" verticalTextPosition="bottom" visible="true" width="60.865234375" x="5.0" xml:space="preserve" y="6.015625">WWW_00</y:NodeLabel>
<y:Shape type="roundrectangle"/>
</y:ShapeNode>
</data>
<data key="d9"></data><data key="d10">0</data></node>
<node id="n0::n0::n1::n3">
<data key="d11" xml:space="preserve">true</data>
<data key="d12" xml:space="preserve">mrdecision</data>
<data key="d13" xml:space="preserve"/>
<data key="d15">
<y:ShapeNode>
<y:Geometry height="30.0" width="67.232421875" x="-632.3416501558393" y="534.4361801863283"/>
<y:Fill color="#FFCC00" transparent="false"/>
<y:BorderStyle color="#000000" type="line" width="1.0"/>
<y:NodeLabel alignment="center" autoSizePolicy="content" fontFamily="Dialog" fontSize="12" fontStyle="plain" hasBackgroundColor="false" height="17.96875" horizontalTextPosition="center" iconTextGap="4" lineColor="#3366FF" modelName="internal" modelPosition="c" textColor="#0000FF" verticalTextPosition="bottom" visible="true" width="57.232421875" x="5.0" xml:space="preserve" y="6.015625">WBW_00</y:NodeLabel>
<y:Shape type="roundrectangle"/>
</y:ShapeNode>
</data>
<data key="d9"></data><data key="d10">0</data></node>
<node id="n0::n0::n1::n4">
<data key="d11" xml:space="preserve">true</data>
<data key="d12" xml:space="preserve">mrdecision</data>
<data key="d13" xml:space="preserve"/>
<data key="d15">
<y:ShapeNode>
<y:Geometry height="30.0" width="59.966796875" x="-138.84477336358486" y="534.4361801863283"/>
<y:Fill color="#FFCC00" transparent="false"/>
<y:BorderStyle color="#000000" type="line" width="1.0"/>
<y:NodeLabel alignment="center" autoSizePolicy="content" fontFamily="Dialog" fontSize="12" fontStyle="plain" hasBackgroundColor="false" height="17.96875" horizontalTextPosition="center" iconTextGap="4" lineColor="#3366FF" modelName="internal" modelPosition="c" textColor="#0000FF" verticalTextPosition="bottom" visible="true" width="49.966796875" x="5.0" xml:space="preserve" y="6.015625">BBB_00</y:NodeLabel>
<y:Shape type="roundrectangle"/>
</y:ShapeNode>
</data>
<data key="d9"></data><data key="d10">0</data></node>
<node id="n0::n0::n1::n5">
<data key="d11" xml:space="preserve">true</data>
<data key="d12" xml:space="preserve">mrdecision</data>
<data key="d13" xml:space="preserve"/>
<data key="d15">
<y:ShapeNode>
<y:Geometry height="30.0" width="63.599609375" x="-532.7756732348885" y="534.4361801863283"/>
<y:Fill color="#FFCC00" transparent="false"/>
<y:BorderStyle color="#000000" type="line" width="1.0"/>
<y:NodeLabel alignment="center" autoSizePolicy="content" fontFamily="Dialog" fontSize="12" fontStyle="plain" hasBackgroundColor="false" height="17.96875" horizontalTextPosition="center" iconTextGap="4" lineColor="#3366FF" modelName="internal" modelPosition="c" textColor="#0000FF" verticalTextPosition="bottom" visible="true" width="53.599609375" x="5.0" xml:space="preserve" y="6.015625">WBB_00</y:NodeLabel>
<y:Shape type="roundrectangle"/>
</y:ShapeNode>
</data>
<data key="d9"></data><data key="d10">0</data></node>
<node id="n0::n0::n1::n6">
<data key="d11" xml:space="preserve">true</data>
<data key="d12" xml:space="preserve">mrdecision</data>
<data key="d13" xml:space="preserve"/>
<data key="d15">
<y:ShapeNode>
<y:Geometry height="30.0" width="67.232421875" x="-729.71915051429" y="534.4361801863283"/>
<y:Fill color="#FFCC00" transparent="false"/>
<y:BorderStyle color="#000000" type="line" width="1.0"/>
<y:NodeLabel alignment="center" autoSizePolicy="content" fontFamily="Dialog" fontSize="12" fontStyle="plain" hasBackgroundColor="false" height="17.96875" horizontalTextPosition="center" iconTextGap="4" lineColor="#3366FF" modelName="internal" modelPosition="c" textColor="#0000FF" verticalTextPosition="bottom" visible="true" width="57.232421875" x="5.0" xml:space="preserve" y="6.015625">WWB_00</y:NodeLabel>
<y:Shape type="roundrectangle"/>
</y:ShapeNode>
</data>
<data key="d9"></data><data key="d10">0</data></node>
<node id="n0::n0::n1::n7">
<data key="d11" xml:space="preserve">true</data>
<data key="d12" xml:space="preserve">mrdecision</data>
<data key="d13" xml:space="preserve"/>
<data key="d15">
<y:ShapeNode>
<y:Geometry height="30.0" width="67.232421875" x="-436.84250881393746" y="534.4361801863283"/>
<y:Fill color="#FFCC00" transparent="false"/>
<y:BorderStyle color="#000000" type="line" width="1.0"/>
<y:NodeLabel alignment="center" autoSizePolicy="content" fontFamily="Dialog" fontSize="12" fontStyle="plain" hasBackgroundColor="false" height="17.96875" horizontalTextPosition="center" iconTextGap="4" lineColor="#3366FF" modelName="internal" modelPosition="c" textColor="#0000FF" verticalTextPosition="bottom" visible="true" width="57.232421875" x="5.0" xml:space="preserve" y="6.015625">BWW_00</y:NodeLabel>
<y:Shape type="roundrectangle"/>
</y:ShapeNode>
</data>
<data key="d9"></data><data key="d10">0</data></node>
<node id="n0::n0::n1::n8">
<data key="d11" xml:space="preserve">true</data>
<data key="d12" xml:space="preserve">mrdecision</data>
<data key="d13" xml:space="preserve"/>
<data key="d15">
<y:ShapeNode>
<y:Geometry height="30.0" width="63.599609375" x="-337.27653189298644" y="534.4361801863283"/>
<y:Fill color="#FFCC00" transparent="false"/>
<y:BorderStyle color="#000000" type="line" width="1.0"/>
<y:NodeLabel alignment="center" autoSizePolicy="content" fontFamily="Dialog" fontSize="12" fontStyle="plain" hasBackgroundColor="false" height="17.96875" horizontalTextPosition="center" iconTextGap="4" lineColor="#3366FF" modelName="internal" modelPosition="c" textColor="#0000FF" verticalTextPosition="bottom" visible="true" width="53.599609375" x="5.0" xml:space="preserve" y="6.015625">BWB_00</y:NodeLabel>
<y:Shape type="roundrectangle"/>
</y:ShapeNode>
</data>
<data key="d9"></data><data key="d10">0</data></node>
</graph>
<data key="d9"></data><data key="d10">0</data></node>
</graph>
<data key="d9"></data><data key="d10">0</data></node>
</graph>
<data key="d9"></data><data key="d10">0</data><data key="d13">bla</data></node>
<edge id="n0::n0::e0" source="n0::n0::n0" target="n0::n0::n1::n2">
<data key="d19">
<y:PolyLineEdge>
<y:Path sx="0.0" sy="0.0" tx="0.0" ty="0.0"/>
<y:LineStyle color="#FF9900" type="line" width="1.0"/>
<y:Arrows source="none" target="plain"/>
<y:BendStyle smoothed="false"/>
</y:PolyLineEdge>
</data>
</edge>
<edge id="n0::n0::e1" source="n0::n0::n0" target="n0::n0::n1::n6">
<data key="d19">
<y:PolyLineEdge>
<y:Path sx="0.0" sy="0.0" tx="0.0" ty="0.0"/>
<y:LineStyle color="#FF9900" type="line" width="1.0"/>
<y:Arrows source="none" target="plain"/>
<y:BendStyle smoothed="false"/>
</y:PolyLineEdge>
</data>
</edge>
<edge id="n0::n0::e2" source="n0::n0::n0" target="n0::n0::n1::n3">
<data key="d19">
<y:PolyLineEdge>
<y:Path sx="0.0" sy="0.0" tx="0.0" ty="0.0"/>
<y:LineStyle color="#FF9900" type="line" width="1.0"/>
<y:Arrows source="none" target="plain"/>
<y:BendStyle smoothed="false"/>
</y:PolyLineEdge>
</data>
</edge>
<edge id="n0::n0::e3" source="n0::n0::n0" target="n0::n0::n1::n5">
<data key="d19">
<y:PolyLineEdge>
<y:Path sx="0.0" sy="0.0" tx="0.0" ty="0.0"/>
<y:LineStyle color="#FF9900" type="line" width="1.0"/>
<y:Arrows source="none" target="plain"/>
<y:BendStyle smoothed="false"/>
</y:PolyLineEdge>
</data>
</edge>
<edge id="n0::n0::e4" source="n0::n0::n0" target="n0::n0::n1::n7">
<data key="d19">
<y:PolyLineEdge>
<y:Path sx="0.0" sy="0.0" tx="0.0" ty="0.0"/>
<y:LineStyle color="#FF9900" type="line" width="1.0"/>
<y:Arrows source="none" target="plain"/>
<y:BendStyle smoothed="false"/>
</y:PolyLineEdge>
</data>
</edge>
<edge id="n0::n0::e5" source="n0::n0::n0" target="n0::n0::n1::n8">
<data key="d19">
<y:PolyLineEdge>
<y:Path sx="0.0" sy="0.0" tx="0.0" ty="0.0"/>
<y:LineStyle color="#FF9900" type="line" width="1.0"/>
<y:Arrows source="none" target="plain"/>
<y:BendStyle smoothed="false"/>
</y:PolyLineEdge>
</data>
</edge>
<edge id="n0::n0::e6" source="n0::n0::n0" target="n0::n0::n1::n1">
<data key="d19">
<y:PolyLineEdge>
<y:Path sx="0.0" sy="0.0" tx="0.0" ty="0.0"/>
<y:LineStyle color="#FF9900" type="line" width="1.0"/>
<y:Arrows source="none" target="plain"/>
<y:BendStyle smoothed="false"/>
</y:PolyLineEdge>
</data>
</edge>
<edge id="n0::n0::e7" source="n0::n0::n0" target="n0::n0::n1::n4">
<data key="d19">
<y:PolyLineEdge>
<y:Path sx="0.0" sy="0.0" tx="0.0" ty="0.0"/>
<y:LineStyle color="#FF9900" type="line" width="1.0"/>
<y:Arrows source="none" target="plain"/>
<y:BendStyle smoothed="false"/>
</y:PolyLineEdge>
</data>
</edge>
<edge id="n0::n0::n1::e0" source="n0::n0::n1::n2" target="n0::n0::n1::n0::n0">
<data key="d19">
<y:PolyLineEdge>
<y:Path sx="0.0" sy="0.0" tx="0.0" ty="0.0"/>
<y:LineStyle color="#FF9900" type="line" width="1.0"/>
<y:Arrows source="none" target="plain"/>
<y:BendStyle smoothed="false"/>
</y:PolyLineEdge>
</data>
</edge>
<edge id="n0::n0::n1::e1" source="n0::n0::n1::n6" target="n0::n0::n1::n0::n0">
<data key="d19">
<y:PolyLineEdge>
<y:Path sx="0.0" sy="0.0" tx="0.0" ty="0.0"/>
<y:LineStyle color="#FF9900" type="line" width="1.0"/>
<y:Arrows source="none" target="plain"/>
<y:BendStyle smoothed="false"/>
</y:PolyLineEdge>
</data>
</edge>
<edge id="n0::n0::n1::e2" source="n0::n0::n1::n3" target="n0::n0::n1::n0::n0">
<data key="d19">
<y:PolyLineEdge>
<y:Path sx="0.0" sy="0.0" tx="0.0" ty="0.0"/>
<y:LineStyle color="#FF9900" type="line" width="1.0"/>
<y:Arrows source="none" target="plain"/>
<y:BendStyle smoothed="false"/>
</y:PolyLineEdge>
</data>
</edge>
<edge id="n0::n0::n1::e3" source="n0::n0::n1::n5" target="n0::n0::n1::n0::n0">
<data key="d19">
<y:PolyLineEdge>
<y:Path sx="0.0" sy="0.0" tx="0.0" ty="0.0"/>
<y:LineStyle color="#FF9900" type="line" width="1.0"/>
<y:Arrows source="none" target="plain"/>
<y:BendStyle smoothed="false"/>
</y:PolyLineEdge>
</data>
</edge>
<edge id="n0::n0::n1::e4" source="n0::n0::n1::n7" target="n0::n0::n1::n0::n0">
<data key="d19">
<y:PolyLineEdge>
<y:Path sx="0.0" sy="0.0" tx="0.0" ty="0.0"/>
<y:LineStyle color="#FF9900" type="line" width="1.0"/>
<y:Arrows source="none" target="plain"/>
<y:BendStyle smoothed="false"/>
</y:PolyLineEdge>
</data>
</edge>
<edge id="n0::n0::n1::e5" source="n0::n0::n1::n8" target="n0::n0::n1::n0::n0">
<data key="d19">
<y:PolyLineEdge>
<y:Path sx="0.0" sy="0.0" tx="0.0" ty="0.0"/>
<y:LineStyle color="#FF9900" type="line" width="1.0"/>
<y:Arrows source="none" target="plain"/>
<y:BendStyle smoothed="false"/>
</y:PolyLineEdge>
</data>
</edge>
<edge id="n0::n0::n1::e6" source="n0::n0::n1::n1" target="n0::n0::n1::n0::n0">
<data key="d19">
<y:PolyLineEdge>
<y:Path sx="0.0" sy="0.0" tx="0.0" ty="0.0"/>
<y:LineStyle color="#FF9900" type="line" width="1.0"/>
<y:Arrows source="none" target="plain"/>
<y:BendStyle smoothed="false"/>
</y:PolyLineEdge>
</data>
</edge>
<edge id="n0::n0::n1::e7" source="n0::n0::n1::n4" target="n0::n0::n1::n0::n0">
<data key="d19">
<y:PolyLineEdge>
<y:Path sx="0.0" sy="0.0" tx="0.0" ty="0.0"/>
<y:LineStyle color="#FF9900" type="line" width="1.0"/>
<y:Arrows source="none" target="plain"/>
<y:BendStyle smoothed="false"/>
</y:PolyLineEdge>
</data>
</edge>
</graph>
<data key="d16">
<y:Resources/>
</data>
</graphml>