<?xml version="1.0" encoding="utf-8"?>
<graphml xmlns="http://graphml.graphdrawing.org/xmlns" xmlns:java="http://www.yworks.com/xml/yfiles-common/1.0/java" xmlns:sys="http://www.yworks.com/xml/yfiles-common/markup/primitives/2.0" xmlns:x="http://www.yworks.com/xml/yfiles-common/markup/2.0" xmlns:xsi="http://www.w3.org/2001/XMLSchema-instance" xmlns:y="http://www.yworks.com/xml/graphml" xmlns:yed="http://www.yworks.com/xml/yed/3" xsi:schemaLocation="http://graphml.graphdrawing.org/xmlns http://www.yworks.com/xml/schema/graphml/1.1/ygraphml.xsd">
<!--Created by yEd 3.23.1-->
<key attr.name="Description" attr.type="string" for="graph" id="d0"/>
<key attr.name="csCode" attr.type="string" for="graph" id="d1">
<default xml:space="preserve"/>
</key>
<key attr.name="identifier" attr.type="string" for="graph" id="d2">
<default xml:space="preserve"/>
</key>
<key attr.name="parentid" attr.type="string" for="graph" id="d3">
<default xml:space="preserve"/>
</key>
<key attr.name="rootid" attr.type="string" for="graph" id="d4">
<default xml:space="preserve"/>
</key>
<key attr.name="parentCSID" attr.type="string" for="graph" id="d5">
<default xml:space="preserve"/>
</key>
<key for="port" id="d6" yfiles.type="portgraphics"/>
<key for="port" id="d7" yfiles.type="portgeometry"/>
<key for="port" id="d8" yfiles.type="portuserdata"/>
<key attr.name="csID" attr.type="string" for="node" id="d9">
<default xml:space="preserve"/>
</key>
<key attr.name="rmID" attr.type="int" for="node" id="d10">
<default xml:space="preserve">0</default>
</key>
<key attr.name="external" attr.type="boolean" for="node" id="d11">
<default xml:space="preserve">false</default>
</key>
<key attr.name="project" attr.type="string" for="node" id="d12">
<default xml:space="preserve"/>
</key>
<key attr.name="url" attr.type="string" for="node" id="d13"/>
<key attr.name="description" attr.type="string" for="node" id="d14"/>
<key for="node" id="d15" yfiles.type="nodegraphics"/>
<key for="graphml" id="d16" yfiles.type="resources"/>
<key attr.name="url" attr.type="string" for="edge" id="d17"/>
<key attr.name="description" attr.type="string" for="edge" id="d18"/>
<key for="edge" id="d19" yfiles.type="edgegraphics"/>
<graph edgedefault="directed" id="G">
<data key="d0" xml:space="preserve"/>
<data key="d1" xml:space="preserve">MR	</data>
<data key="d2" xml:space="preserve">missionrobot</data>
<data key="d3" xml:space="preserve">missionrobot</data>
<data key="d4" xml:space="preserve">missionrobot</data>
<node id="n0" yfiles.foldertype="group">
<data key="d12" xml:space="preserve">missionrobot</data>
<data key="d13" xml:space="preserve"/>
<data key="d15">
<y:ProxyAutoBoundsNode>
<y:Realizers active="0">
<y:GroupNode>
<y:Geometry height="246.921875" width="372.76557748255357" x="-704.0009290450536" y="-202.02094768582128"/>
<y:Fill hasColor="false" transparent="false"/>
<y:BorderStyle color="#000000" type="dashed" width="1.0"/>
<y:NodeLabel alignment="right" autoSizePolicy="node_width" backgroundColor="#EBEBEB" borderDistance="0.0" fontFamily="Dialog" fontSize="15" fontStyle="plain" hasLineColor="false" height="21.4609375" horizontalTextPosition="center" iconTextGap="4" modelName="internal" modelPosition="t" textColor="#000000" verticalTextPosition="bottom" visible="true" width="372.76557748255357" x="0.0" xml:space="preserve" y="0.0">MissionRobot</y:NodeLabel>
<y:Shape type="roundrectangle"/>
<y:State closed="false" closedHeight="1557.3791055961901" closedWidth="1419.1561391088312" innerGraphDisplayEnabled="false"/>
<y:NodeBounds considerNodeLabelSize="true"/>
<y:Insets bottom="15" bottomF="15.0" left="15" leftF="15.0" right="15" rightF="15.0" top="15" topF="15.0"/>
<y:BorderInsets bottom="0" bottomF="0.0" left="0" leftF="0.0" right="0" rightF="0.0" top="40" topF="39.59099712789521"/>
</y:GroupNode>
<y:GroupNode>
<y:Geometry height="468.37910559619013" width="527.1561391088312" x="636.5641200595787" y="-91.40766643582128"/>
<y:Fill hasColor="false" transparent="false"/>
<y:BorderStyle color="#000000" type="dashed" width="1.0"/>
<y:NodeLabel alignment="right" autoSizePolicy="node_width" backgroundColor="#EBEBEB" borderDistance="0.0" fontFamily="Dialog" fontSize="15" fontStyle="plain" hasLineColor="false" height="21.4609375" horizontalTextPosition="center" iconTextGap="4" modelName="internal" modelPosition="t" textColor="#000000" verticalTextPosition="bottom" visible="true" width="527.1561391088312" x="0.0" xml:space="preserve" y="0.0">MissionRobot</y:NodeLabel>
<y:Shape type="roundrectangle"/>
<y:State closed="true" closedHeight="468.37910559619013" closedWidth="527.1561391088312" innerGraphDisplayEnabled="false"/>
<y:NodeBounds considerNodeLabelSize="true"/>
<y:Insets bottom="15" bottomF="15.0" left="15" leftF="15.0" right="15" rightF="15.0" top="15" topF="15.0"/>
<y:BorderInsets bottom="0" bottomF="0.0" left="0" leftF="0.0" right="0" rightF="0.0" top="0" topF="0.0"/>
</y:GroupNode>
</y:Realizers>
</y:ProxyAutoBoundsNode>
</data>
<graph edgedefault="directed" id="n0:">
<node id="n0::n0" yfiles.foldertype="group">
<data key="d12" xml:space="preserve">missionrobot</data>
<data key="d13" xml:space="preserve"/>
<data key="d15">
<y:ProxyAutoBoundsNode>
<y:Realizers active="0">
<y:GroupNode>
<y:Geometry height="81.4609375" width="342.76557748255357" x="-689.0009290450536" y="-51.560010185821284"/>
<y:Fill hasColor="false" transparent="false"/>
<y:BorderStyle color="#000000" type="dashed" width="1.0"/>
<y:NodeLabel alignment="right" autoSizePolicy="node_width" backgroundColor="#EBEBEB" borderDistance="0.0" fontFamily="Dialog" fontSize="15" fontStyle="plain" hasLineColor="false" height="21.4609375" horizontalTextPosition="center" iconTextGap="4" modelName="internal" modelPosition="t" textColor="#000000" verticalTextPosition="bottom" visible="true" width="342.76557748255357" x="0.0" xml:space="preserve" y="0.0">Path</y:NodeLabel>
<y:Shape type="roundrectangle"/>
<y:State closed="false" closedHeight="1557.3791055961901" closedWidth="1419.1561391088312" innerGraphDisplayEnabled="false"/>
<y:NodeBounds considerNodeLabelSize="true"/>
<y:Insets bottom="15" bottomF="15.0" left="15" leftF="15.0" right="15" rightF="15.0" top="15" topF="15.0"/>
<y:BorderInsets bottom="0" bottomF="0.0" left="0" leftF="0.0" right="0" rightF="0.0" top="0" topF="0.0"/>
</y:GroupNode>
<y:GroupNode>
<y:Geometry height="468.37910559619013" width="527.1561391088312" x="-689.0009290450536" y="-51.560010185821284"/>
<y:Fill hasColor="false" transparent="false"/>
<y:BorderStyle color="#000000" type="dashed" width="1.0"/>
<y:NodeLabel alignment="right" autoSizePolicy="node_width" backgroundColor="#EBEBEB" borderDistance="0.0" fontFamily="Dialog" fontSize="15" fontStyle="plain" hasLineColor="false" height="21.4609375" horizontalTextPosition="center" iconTextGap="4" modelName="internal" modelPosition="t" textColor="#000000" verticalTextPosition="bottom" visible="true" width="527.1561391088312" x="0.0" xml:space="preserve" y="0.0">Path</y:NodeLabel>
<y:Shape type="roundrectangle"/>
<y:State closed="true" closedHeight="468.37910559619013" closedWidth="527.1561391088312" innerGraphDisplayEnabled="false"/>
<y:Insets bottom="15" bottomF="15.0" left="15" leftF="15.0" right="15" rightF="15.0" top="15" topF="15.0"/>
<y:BorderInsets bottom="0" bottomF="0.0" left="0" leftF="0.0" right="0" rightF="0.0" top="0" topF="0.0"/>
</y:GroupNode>
</y:Realizers>
</y:ProxyAutoBoundsNode>
</data>
<graph edgedefault="directed" id="n0::n0:">
<node id="n0::n0::n0">
<data key="d12" xml:space="preserve">missionrobot</data>
<data key="d13" xml:space="preserve"/>
<data key="d15">
<y:ShapeNode>
<y:Geometry height="30.0" width="90.78125" x="-572.7978515625" y="-15.099072685821284"/>
<y:Fill color="#FFCC00" transparent="false"/>
<y:BorderStyle color="#000000" type="line" width="1.0"/>
<y:NodeLabel alignment="center" autoSizePolicy="content" fontFamily="Dialog" fontSize="12" fontStyle="plain" hasBackgroundColor="false" hasLineColor="false" height="17.96875" horizontalTextPosition="center" iconTextGap="4" modelName="internal" modelPosition="c" textColor="#000000" verticalTextPosition="bottom" visible="true" width="80.78125" x="5.0" xml:space="preserve" y="6.015625">01_fragment</y:NodeLabel>
<y:Shape type="roundrectangle"/>
</y:ShapeNode>
</data>
<data key="d9"></data><data key="d10">0</data></node>
<node id="n0::n0::n1">
<data key="d12" xml:space="preserve">missionrobot</data>
<data key="d13" xml:space="preserve"/>
<data key="d15">
<y:ShapeNode>
<y:Geometry height="30.0" width="90.78125" x="-452.0166015625" y="-15.099072685821284"/>
<y:Fill color="#FFCC00" transparent="false"/>
<y:BorderStyle color="#000000" type="line" width="1.0"/>
<y:NodeLabel alignment="center" autoSizePolicy="content" fontFamily="Dialog" fontSize="12" fontStyle="plain" hasBackgroundColor="false" hasLineColor="false" height="17.96875" horizontalTextPosition="center" iconTextGap="4" modelName="internal" modelPosition="c" textColor="#000000" verticalTextPosition="bottom" visible="true" width="80.78125" x="5.0" xml:space="preserve" y="6.015625">03_fragment</y:NodeLabel>
<y:Shape type="roundrectangle"/>
</y:ShapeNode>
</data>
<data key="d9"></data><data key="d10">0</data></node>
<node id="n0::n0::n2">
<data key="d12" xml:space="preserve">missionrobot</data>
<data key="d13" xml:space="preserve"/>
<data key="d15">
<y:ShapeNode>
<y:Geometry height="30.0" width="61.185546875" x="-674.0009290450536" y="-15.099072685821284"/>
<y:Fill color="#FFCC00" transparent="false"/>
<y:BorderStyle color="#000000" type="line" width="1.0"/>
<y:NodeLabel alignment="center" autoSizePolicy="content" fontFamily="Dialog" fontSize="12" fontStyle="plain" hasBackgroundColor="false" hasLineColor="false" height="17.96875" horizontalTextPosition="center" iconTextGap="4" modelName="internal" modelPosition="c" textColor="#000000" verticalTextPosition="bottom" visible="true" width="51.185546875" x="5.0" xml:space="preserve" y="6.015625">00_stop</y:NodeLabel>
<y:Shape type="roundrectangle"/>
</y:ShapeNode>
</data>
<data key="d9"></data><data key="d10">0</data></node>
</graph>
<data key="d9"></data><data key="d10">0</data></node>
<node id="n0::n1">
<data key="d12" xml:space="preserve">missionrobot</data>
<data key="d15">
<y:ShapeNode>
<y:Geometry height="30.0" width="61.619140625" x="-659.4198743575536" y="-125.96901305792608"/>
<y:Fill color="#FFCC00" transparent="false"/>
<y:BorderStyle color="#000000" type="line" width="1.0"/>
<y:NodeLabel alignment="center" autoSizePolicy="content" fontFamily="Dialog" fontSize="12" fontStyle="plain" hasBackgroundColor="false" hasLineColor="false" height="17.96875" horizontalTextPosition="center" iconTextGap="4" modelName="internal" modelPosition="c" textColor="#000000" verticalTextPosition="bottom" visible="true" width="51.619140625" x="5.0" xml:space="preserve" y="6.015625">Inactive</y:NodeLabel>
<y:Shape type="roundrectangle"/>
</y:ShapeNode>
</data>
<data key="d9"></data><data key="d10">0</data><data key="d13">bla</data></node>
<node id="n0::n2">
<data key="d12" xml:space="preserve">missionrobot</data>
<data key="d15">
<y:ShapeNode>
<y:Geometry height="30.0" width="51.330078125" x="-553.2196790450536" y="-125.96901305792608"/>
<y:Fill color="#FFCC00" transparent="false"/>
<y:BorderStyle color="#000000" type="line" width="1.0"/>
<y:NodeLabel alignment="center" autoSizePolicy="content" fontFamily="Dialog" fontSize="12" fontStyle="plain" hasBackgroundColor="false" hasLineColor="false" height="17.96875" horizontalTextPosition="center" iconTextGap="4" modelName="internal" modelPosition="c" textColor="#000000" verticalTextPosition="bottom" visible="true" width="41.330078125" x="5.0" xml:space="preserve" y="6.015625">Active</y:NodeLabel>
<y:Shape type="roundrectangle"/>
</y:ShapeNode>
</data>
<data key="d9"></data><data key="d10">0</data><data key="d13">bla</data></node>
</graph>
<data key="d9"></data><data key="d10">0</data></node>
<edge id="n0::e0" source="n0::n1" target="n0::n0::n2">
<data key="d19">
<y:PolyLineEdge>
<y:Path sx="0.0" sy="0.0" tx="0.0" ty="0.0"/>
<y:LineStyle color="#FF9900" type="line" width="1.0"/>
<y:Arrows source="none" target="plain"/>
<y:BendStyle smoothed="false"/>
</y:PolyLineEdge>
</data>
</edge>
<edge id="n0::e1" source="n0::n2" target="n0::n0::n0">
<data key="d19">
<y:PolyLineEdge>
<y:Path sx="0.0" sy="0.0" tx="0.0" ty="0.0"/>
<y:LineStyle color="#FF9900" type="line" width="1.0"/>
<y:Arrows source="none" target="plain"/>
<y:BendStyle smoothed="false"/>
</y:PolyLineEdge>
</data>
</edge>
<edge id="n0::e2" source="n0::n2" target="n0::n0::n1">
<data key="d19">
<y:PolyLineEdge>
<y:Path sx="0.0" sy="0.0" tx="0.0" ty="0.0"/>
<y:LineStyle color="#FF9900" type="line" width="1.0"/>
<y:Arrows source="none" target="plain"/>
<y:BendStyle smoothed="false"/>
</y:PolyLineEdge>
</data>
</edge>
</graph>
<data key="d16">
<y:Resources/>
</data>
</graphml>