<?xml version="1.0" encoding="utf-8"?>
<graphml xmlns="http://graphml.graphdrawing.org/xmlns" xmlns:java="http://www.yworks.com/xml/yfiles-common/1.0/java" xmlns:sys="http://www.yworks.com/xml/yfiles-common/markup/primitives/2.0" xmlns:x="http://www.yworks.com/xml/yfiles-common/markup/2.0" xmlns:xsi="http://www.w3.org/2001/XMLSchema-instance" xmlns:y="http://www.yworks.com/xml/graphml" xmlns:yed="http://www.yworks.com/xml/yed/3" xsi:schemaLocation="http://graphml.graphdrawing.org/xmlns http://www.yworks.com/xml/schema/graphml/1.1/ygraphml.xsd">
<!--Created by yEd 3.23.1-->
<key attr.name="Description" attr.type="string" for="graph" id="d0"/>
<key attr.name="csCode" attr.type="string" for="graph" id="d1">
<default xml:space="preserve"/>
</key>
<key attr.name="identifier" attr.type="string" for="graph" id="d2">
<default xml:space="preserve"/>
</key>
<key attr.name="parentid" attr.type="string" for="graph" id="d3">
<default xml:space="preserve"/>
</key>
<key attr.name="rootid" attr.type="string" for="graph" id="d4">
<default xml:space="preserve"/>
</key>
<key attr.name="parentCSID" attr.type="string" for="graph" id="d5">
<default xml:space="preserve"/>
</key>
<key for="port" id="d6" yfiles.type="portgraphics"/>
<key for="port" id="d7" yfiles.type="portgeometry"/>
<key for="port" id="d8" yfiles.type="portuserdata"/>
<key attr.name="csID" attr.type="string" for="node" id="d9">
<default xml:space="preserve"/>
</key>
<key attr.name="rmID" attr.type="int" for="node" id="d10">
<default xml:space="preserve">0</default>
</key>
<key attr.name="external" attr.type="boolean" for="node" id="d11">
<default xml:space="preserve">false</default>
</key>
<key attr.name="project" attr.type="string" for="node" id="d12">
<default xml:space="preserve"/>
</key>
<key attr.name="url" attr.type="string" for="node" id="d13"/>
<key attr.name="description" attr.type="string" for="node" id="d14"/>
<key for="node" id="d15" yfiles.type="nodegraphics"/>
<key for="graphml" id="d16" yfiles.type="resources"/>
<key attr.name="url" attr.type="string" for="edge" id="d17"/>
<key attr.name="description" attr.type="string" for="edge" id="d18"/>
<key for="edge" id="d19" yfiles.type="edgegraphics"/>
<graph edgedefault="directed" id="G">
<data key="d0" xml:space="preserve"/>
<data key="d1" xml:space="preserve">MR	d</data>
<data key="d2" xml:space="preserve">mrdecision</data>
<data key="d3" xml:space="preserve">missionrobot</data>
<data key="d4" xml:space="preserve">missionrobot</data>
<data key="d5" xml:space="preserve">MR</data>
<node id="n0" yfiles.foldertype="group">
<data key="d12" xml:space="preserve">mrdecision</data>
<data key="d15">
<y:ProxyAutoBoundsNode>
<y:Realizers active="0">
<y:GroupNode>
<y:Geometry height="194.02475731367167" width="781.7064084007054" x="-828.5409868102411" y="534.4361801863283"/>
<y:Fill color="#FFFFFF" transparent="false"/>
<y:BorderStyle color="#000000" type="dashed" width="1.0"/>
<y:NodeLabel alignment="right" autoSizePolicy="node_width" backgroundColor="#EBEBEB" borderDistance="0.0" fontFamily="Dialog" fontSize="15" fontStyle="plain" hasLineColor="false" height="21.4609375" horizontalTextPosition="center" iconTextGap="4" modelName="internal" modelPosition="t" textColor="#000000" verticalTextPosition="bottom" visible="true" width="781.7064084007054" x="0.0" xml:space="preserve" y="0.0">Decision</y:NodeLabel>
<y:Shape type="roundrectangle"/>
<y:State closed="false" closedHeight="1557.3791055961901" closedWidth="1419.1561391088312" groupDepthFillColorEnabled="false" innerGraphDisplayEnabled="false"/>
<y:NodeBounds considerNodeLabelSize="true"/>
<y:Insets bottom="15" bottomF="15.0" left="15" leftF="15.0" right="15" rightF="15.0" top="15" topF="15.0"/>
<y:BorderInsets bottom="0" bottomF="0.0" left="0" leftF="0.0" right="0" rightF="0.0" top="0" topF="0.0"/>
</y:GroupNode>
<y:GroupNode>
<y:Geometry height="1557.3791055961901" width="1419.1561391088312" x="340.5" y="-64.0"/>
<y:Fill color="#FFFFFF" transparent="false"/>
<y:BorderStyle color="#000000" type="dashed" width="1.0"/>
<y:NodeLabel alignment="right" autoSizePolicy="node_width" backgroundColor="#EBEBEB" borderDistance="0.0" fontFamily="Dialog" fontSize="15" fontStyle="plain" hasLineColor="false" height="21.4609375" horizontalTextPosition="center" iconTextGap="4" modelName="internal" modelPosition="t" textColor="#000000" verticalTextPosition="bottom" visible="true" width="1419.1561391088312" x="0.0" xml:space="preserve" y="0.0">Decision</y:NodeLabel>
<y:Shape type="roundrectangle"/>
<y:State closed="true" closedHeight="1557.3791055961901" closedWidth="1419.1561391088312" groupDepthFillColorEnabled="false" innerGraphDisplayEnabled="false"/>
<y:Insets bottom="15" bottomF="15.0" left="15" leftF="15.0" right="15" rightF="15.0" top="15" topF="15.0"/>
<y:BorderInsets bottom="0" bottomF="0.0" left="0" leftF="0.0" right="0" rightF="0.0" top="0" topF="0.0"/>
</y:GroupNode>
</y:Realizers>
</y:ProxyAutoBoundsNode>
</data>
<graph edgedefault="directed" id="n0:">
<node id="n0::n0">
<data key="d12" xml:space="preserve">mrdecision</data>
<data key="d13" xml:space="preserve"/>
<data key="d15">
<y:ShapeNode>
<y:Geometry height="30.0" width="59.966796875" x="-123.84477336358486" y="570.8971176863283"/>
<y:Fill color="#FFCC00" transparent="false"/>
<y:BorderStyle color="#000000" type="line" width="1.0"/>
<y:NodeLabel alignment="center" autoSizePolicy="content" fontFamily="Dialog" fontSize="12" fontStyle="plain" hasBackgroundColor="false" hasLineColor="false" height="17.96875" horizontalTextPosition="center" iconTextGap="4" modelName="internal" modelPosition="c" textColor="#000000" verticalTextPosition="bottom" visible="true" width="49.966796875" x="5.0" xml:space="preserve" y="6.015625">BBB_00</y:NodeLabel>
<y:Shape type="roundrectangle"/>
</y:ShapeNode>
</data>
<data key="d9"></data><data key="d10">0</data></node>
<node id="n0::n1">
<data key="d12" xml:space="preserve">mrdecision</data>
<data key="d13" xml:space="preserve"/>
<data key="d15">
<y:ShapeNode>
<y:Geometry height="30.0" width="59.966796875" x="-121.80137528453565" y="627.1790275931642"/>
<y:Fill color="#FFCC00" transparent="false"/>
<y:BorderStyle color="#000000" type="line" width="1.0"/>
<y:NodeLabel alignment="center" autoSizePolicy="content" fontFamily="Dialog" fontSize="12" fontStyle="plain" hasBackgroundColor="false" hasLineColor="false" height="17.96875" horizontalTextPosition="center" iconTextGap="4" modelName="internal" modelPosition="c" textColor="#000000" verticalTextPosition="bottom" visible="true" width="49.966796875" x="5.0" xml:space="preserve" y="6.015625">BBB_01</y:NodeLabel>
<y:Shape type="roundrectangle"/>
</y:ShapeNode>
</data>
<data key="d9"></data><data key="d10">0</data></node>
<node id="n0::n2">
<data key="d12" xml:space="preserve">mrdecision</data>
<data key="d13" xml:space="preserve"/>
<data key="d15">
<y:ShapeNode>
<y:Geometry height="30.0" width="59.966796875" x="-123.84477336358486" y="683.4609375"/>
<y:Fill color="#FFCC00" transparent="false"/>
<y:BorderStyle color="#000000" type="line" width="1.0"/>
<y:NodeLabel alignment="center" autoSizePolicy="content" fontFamily="Dialog" fontSize="12" fontStyle="plain" hasBackgroundColor="false" hasLineColor="false" height="17.96875" horizontalTextPosition="center" iconTextGap="4" modelName="internal" modelPosition="c" textColor="#000000" verticalTextPosition="bottom" visible="true" width="49.966796875" x="5.0" xml:space="preserve" y="6.015625">BBB_03</y:NodeLabel>
<y:Shape type="roundrectangle"/>
</y:ShapeNode>
</data>
<data key="d9"></data><data key="d10">0</data></node>
<node id="n0::n3">
<data key="d12" xml:space="preserve">mrdecision</data>
<data key="d13" xml:space="preserve"/>
<data key="d15">
<y:ShapeNode>
<y:Geometry height="30.0" width="63.599609375" x="-224.15489090953565" y="570.8971176863283"/>
<y:Fill color="#FFCC00" transparent="false"/>
<y:BorderStyle color="#000000" type="line" width="1.0"/>
<y:NodeLabel alignment="center" autoSizePolicy="content" fontFamily="Dialog" fontSize="12" fontStyle="plain" hasBackgroundColor="false" hasLineColor="false" height="17.96875" horizontalTextPosition="center" iconTextGap="4" modelName="internal" modelPosition="c" textColor="#000000" verticalTextPosition="bottom" visible="true" width="53.599609375" x="5.0" xml:space="preserve" y="6.015625">BBW_00</y:NodeLabel>
<y:Shape type="roundrectangle"/>
</y:ShapeNode>
</data>
<data key="d9"></data><data key="d10">0</data></node>
<node id="n0::n4">
<data key="d12" xml:space="preserve">mrdecision</data>
<data key="d13" xml:space="preserve"/>
<data key="d15">
<y:ShapeNode>
<y:Geometry height="30.0" width="63.599609375" x="-222.11149283048655" y="627.1790275931642"/>
<y:Fill color="#FFCC00" transparent="false"/>
<y:BorderStyle color="#000000" type="line" width="1.0"/>
<y:NodeLabel alignment="center" autoSizePolicy="content" fontFamily="Dialog" fontSize="12" fontStyle="plain" hasBackgroundColor="false" hasLineColor="false" height="17.96875" horizontalTextPosition="center" iconTextGap="4" modelName="internal" modelPosition="c" textColor="#000000" verticalTextPosition="bottom" visible="true" width="53.599609375" x="5.0" xml:space="preserve" y="6.015625">BBW_01</y:NodeLabel>
<y:Shape type="roundrectangle"/>
</y:ShapeNode>
</data>
<data key="d9"></data><data key="d10">0</data></node>
<node id="n0::n5">
<data key="d12" xml:space="preserve">mrdecision</data>
<data key="d13" xml:space="preserve"/>
<data key="d15">
<y:ShapeNode>
<y:Geometry height="30.0" width="63.599609375" x="-224.15489090953565" y="683.4609375"/>
<y:Fill color="#FFCC00" transparent="false"/>
<y:BorderStyle color="#000000" type="line" width="1.0"/>
<y:NodeLabel alignment="center" autoSizePolicy="content" fontFamily="Dialog" fontSize="12" fontStyle="plain" hasBackgroundColor="false" hasLineColor="false" height="17.96875" horizontalTextPosition="center" iconTextGap="4" modelName="internal" modelPosition="c" textColor="#000000" verticalTextPosition="bottom" visible="true" width="53.599609375" x="5.0" xml:space="preserve" y="6.015625">BBW_03</y:NodeLabel>
<y:Shape type="roundrectangle"/>
</y:ShapeNode>
</data>
<data key="d9"></data><data key="d10">0</data></node>
<node id="n0::n6">
<data key="d12" xml:space="preserve">mrdecision</data>
<data key="d13" xml:space="preserve"/>
<data key="d15">
<y:ShapeNode>
<y:Geometry height="30.0" width="63.599609375" x="-322.27653189298644" y="570.8971176863283"/>
<y:Fill color="#FFCC00" transparent="false"/>
<y:BorderStyle color="#000000" type="line" width="1.0"/>
<y:NodeLabel alignment="center" autoSizePolicy="content" fontFamily="Dialog" fontSize="12" fontStyle="plain" hasBackgroundColor="false" hasLineColor="false" height="17.96875" horizontalTextPosition="center" iconTextGap="4" modelName="internal" modelPosition="c" textColor="#000000" verticalTextPosition="bottom" visible="true" width="53.599609375" x="5.0" xml:space="preserve" y="6.015625">BWB_00</y:NodeLabel>
<y:Shape type="roundrectangle"/>
</y:ShapeNode>
</data>
<data key="d9"></data><data key="d10">0</data></node>
<node id="n0::n7">
<data key="d12" xml:space="preserve">mrdecision</data>
<data key="d13" xml:space="preserve"/>
<data key="d15">
<y:ShapeNode>
<y:Geometry height="30.0" width="63.599609375" x="-320.23313381393746" y="627.1790275931642"/>
<y:Fill color="#FFCC00" transparent="false"/>
<y:BorderStyle color="#000000" type="line" width="1.0"/>
<y:NodeLabel alignment="center" autoSizePolicy="content" fontFamily="Dialog" fontSize="12" fontStyle="plain" hasBackgroundColor="false" hasLineColor="false" height="17.96875" horizontalTextPosition="center" iconTextGap="4" modelName="internal" modelPosition="c" textColor="#000000" verticalTextPosition="bottom" visible="true" width="53.599609375" x="5.0" xml:space="preserve" y="6.015625">BWB_01</y:NodeLabel>
<y:Shape type="roundrectangle"/>
</y:ShapeNode>
</data>
<data key="d9"></data><data key="d10">0</data></node>
<node id="n0::n8">
<data key="d12" xml:space="preserve">mrdecision</data>
<data key="d13" xml:space="preserve"/>
<data key="d15">
<y:ShapeNode>
<y:Geometry height="30.0" width="63.599609375" x="-322.27653189298644" y="683.4609375"/>
<y:Fill color="#FFCC00" transparent="false"/>
<y:BorderStyle color="#000000" type="line" width="1.0"/>
<y:NodeLabel alignment="center" autoSizePolicy="content" fontFamily="Dialog" fontSize="12" fontStyle="plain" hasBackgroundColor="false" hasLineColor="false" height="17.96875" horizontalTextPosition="center" iconTextGap="4" modelName="internal" modelPosition="c" textColor="#000000" verticalTextPosition="bottom" visible="true" width="53.599609375" x="5.0" xml:space="preserve" y="6.015625">BWB_03</y:NodeLabel>
<y:Shape type="roundrectangle"/>
</y:ShapeNode>
</data>
<data key="d9"></data><data key="d10">0</data></node>
<node id="n0::n9">
<data key="d12" xml:space="preserve">mrdecision</data>
<data key="d13" xml:space="preserve"/>
<data key="d15">
<y:ShapeNode>
<y:Geometry height="30.0" width="67.232421875" x="-421.84250881393746" y="570.8971176863283"/>
<y:Fill color="#FFCC00" transparent="false"/>
<y:BorderStyle color="#000000" type="line" width="1.0"/>
<y:NodeLabel alignment="center" autoSizePolicy="content" fontFamily="Dialog" fontSize="12" fontStyle="plain" hasBackgroundColor="false" hasLineColor="false" height="17.96875" horizontalTextPosition="center" iconTextGap="4" modelName="internal" modelPosition="c" textColor="#000000" verticalTextPosition="bottom" visible="true" width="57.232421875" x="5.0" xml:space="preserve" y="6.015625">BWW_00</y:NodeLabel>
<y:Shape type="roundrectangle"/>
</y:ShapeNode>
</data>
<data key="d9"></data><data key="d10">0</data></node>
<node id="n0::n10">
<data key="d12" xml:space="preserve">mrdecision</data>
<data key="d13" xml:space="preserve"/>
<data key="d15">
<y:ShapeNode>
<y:Geometry height="30.0" width="67.232421875" x="-419.79911073488836" y="627.1790275931642"/>
<y:Fill color="#FFCC00" transparent="false"/>
<y:BorderStyle color="#000000" type="line" width="1.0"/>
<y:NodeLabel alignment="center" autoSizePolicy="content" fontFamily="Dialog" fontSize="12" fontStyle="plain" hasBackgroundColor="false" hasLineColor="false" height="17.96875" horizontalTextPosition="center" iconTextGap="4" modelName="internal" modelPosition="c" textColor="#000000" verticalTextPosition="bottom" visible="true" width="57.232421875" x="5.0" xml:space="preserve" y="6.015625">BWW_01</y:NodeLabel>
<y:Shape type="roundrectangle"/>
</y:ShapeNode>
</data>
<data key="d9"></data><data key="d10">0</data></node>
<node id="n0::n11">
<data key="d12" xml:space="preserve">mrdecision</data>
<data key="d13" xml:space="preserve"/>
<data key="d15">
<y:ShapeNode>
<y:Geometry height="30.0" width="67.232421875" x="-421.84250881393746" y="683.4609375"/>
<y:Fill color="#FFCC00" transparent="false"/>
<y:BorderStyle color="#000000" type="line" width="1.0"/>
<y:NodeLabel alignment="center" autoSizePolicy="content" fontFamily="Dialog" fontSize="12" fontStyle="plain" hasBackgroundColor="false" hasLineColor="false" height="17.96875" horizontalTextPosition="center" iconTextGap="4" modelName="internal" modelPosition="c" textColor="#000000" verticalTextPosition="bottom" visible="true" width="57.232421875" x="5.0" xml:space="preserve" y="6.015625">BWW_03</y:NodeLabel>
<y:Shape type="roundrectangle"/>
</y:ShapeNode>
</data>
<data key="d9"></data><data key="d10">0</data></node>
<node id="n0::n12">
<data key="d12" xml:space="preserve">mrdecision</data>
<data key="d13" xml:space="preserve"/>
<data key="d15">
<y:ShapeNode>
<y:Geometry height="30.0" width="63.599609375" x="-517.7756732348885" y="570.8971176863283"/>
<y:Fill color="#FFCC00" transparent="false"/>
<y:BorderStyle color="#000000" type="line" width="1.0"/>
<y:NodeLabel alignment="center" autoSizePolicy="content" fontFamily="Dialog" fontSize="12" fontStyle="plain" hasBackgroundColor="false" hasLineColor="false" height="17.96875" horizontalTextPosition="center" iconTextGap="4" modelName="internal" modelPosition="c" textColor="#000000" verticalTextPosition="bottom" visible="true" width="53.599609375" x="5.0" xml:space="preserve" y="6.015625">WBB_00</y:NodeLabel>
<y:Shape type="roundrectangle"/>
</y:ShapeNode>
</data>
<data key="d9"></data><data key="d10">0</data></node>
<node id="n0::n13">
<data key="d12" xml:space="preserve">mrdecision</data>
<data key="d13" xml:space="preserve"/>
<data key="d15">
<y:ShapeNode>
<y:Geometry height="30.0" width="63.599609375" x="-515.7322751558393" y="627.1790275931642"/>
<y:Fill color="#FFCC00" transparent="false"/>
<y:BorderStyle color="#000000" type="line" width="1.0"/>
<y:NodeLabel alignment="center" autoSizePolicy="content" fontFamily="Dialog" fontSize="12" fontStyle="plain" hasBackgroundColor="false" hasLineColor="false" height="17.96875" horizontalTextPosition="center" iconTextGap="4" modelName="internal" modelPosition="c" textColor="#000000" verticalTextPosition="bottom" visible="true" width="53.599609375" x="5.0" xml:space="preserve" y="6.015625">WBB_01</y:NodeLabel>
<y:Shape type="roundrectangle"/>
</y:ShapeNode>
</data>
<data key="d9"></data><data key="d10">0</data></node>
<node id="n0::n14">
<data key="d12" xml:space="preserve">mrdecision</data>
<data key="d13" xml:space="preserve"/>
<data key="d15">
<y:ShapeNode>
<y:Geometry height="30.0" width="63.599609375" x="-517.7756732348885" y="683.4609375"/>
<y:Fill color="#FFCC00" transparent="false"/>
<y:BorderStyle color="#000000" type="line" width="1.0"/>
<y:NodeLabel alignment="center" autoSizePolicy="content" fontFamily="Dialog" fontSize="12" fontStyle="plain" hasBackgroundColor="false" hasLineColor="false" height="17.96875" horizontalTextPosition="center" iconTextGap="4" modelName="internal" modelPosition="c" textColor="#000000" verticalTextPosition="bottom" visible="true" width="53.599609375" x="5.0" xml:space="preserve" y="6.015625">WBB_03</y:NodeLabel>
<y:Shape type="roundrectangle"/>
</y:ShapeNode>
</data>
<data key="d9"></data><data key="d10">0</data></node>
<node id="n0::n15">
<data key="d12" xml:space="preserve">mrdecision</data>
<data key="d13" xml:space="preserve"/>
<data key="d15">
<y:ShapeNode>
<y:Geometry height="30.0" width="67.232421875" x="-617.3416501558393" y="570.8971176863283"/>
<y:Fill color="#FFCC00" transparent="false"/>
<y:BorderStyle color="#000000" type="line" width="1.0"/>
<y:NodeLabel alignment="center" autoSizePolicy="content" fontFamily="Dialog" fontSize="12" fontStyle="plain" hasBackgroundColor="false" hasLineColor="false" height="17.96875" horizontalTextPosition="center" iconTextGap="4" modelName="internal" modelPosition="c" textColor="#000000" verticalTextPosition="bottom" visible="true" width="57.232421875" x="5.0" xml:space="preserve" y="6.015625">WBW_00</y:NodeLabel>
<y:Shape type="roundrectangle"/>
</y:ShapeNode>
</data>
<data key="d9"></data><data key="d10">0</data></node>
<node id="n0::n16">
<data key="d12" xml:space="preserve">mrdecision</data>
<data key="d13" xml:space="preserve"/>
<data key="d15">
<y:ShapeNode>
<y:Geometry height="30.0" width="67.232421875" x="-615.2982520767902" y="627.1790275931642"/>
<y:Fill color="#FFCC00" transparent="false"/>
<y:BorderStyle color="#000000" type="line" width="1.0"/>
<y:NodeLabel alignment="center" autoSizePolicy="content" fontFamily="Dialog" fontSize="12" fontStyle="plain" hasBackgroundColor="false" hasLineColor="false" height="17.96875" horizontalTextPosition="center" iconTextGap="4" modelName="internal" modelPosition="c" textColor="#000000" verticalTextPosition="bottom" visible="true" width="57.232421875" x="5.0" xml:space="preserve" y="6.015625">WBW_01</y:NodeLabel>
<y:Shape type="roundrectangle"/>
</y:ShapeNode>
</data>
<data key="d9"></data><data key="d10">0</data></node>
<node id="n0::n17">
<data key="d12" xml:space="preserve">mrdecision</data>
<data key="d13" xml:space="preserve"/>
<data key="d15">
<y:ShapeNode>
<y:Geometry height="30.0" width="67.232421875" x="-617.3416501558393" y="683.4609375"/>
<y:Fill color="#FFCC00" transparent="false"/>
<y:BorderStyle color="#000000" type="line" width="1.0"/>
<y:NodeLabel alignment="center" autoSizePolicy="content" fontFamily="Dialog" fontSize="12" fontStyle="plain" hasBackgroundColor="false" hasLineColor="false" height="17.96875" horizontalTextPosition="center" iconTextGap="4" modelName="internal" modelPosition="c" textColor="#000000" verticalTextPosition="bottom" visible="true" width="57.232421875" x="5.0" xml:space="preserve" y="6.015625">WBW_03</y:NodeLabel>
<y:Shape type="roundrectangle"/>
</y:ShapeNode>
</data>
<data key="d9"></data><data key="d10">0</data></node>
<node id="n0::n18">
<data key="d12" xml:space="preserve">mrdecision</data>
<data key="d13" xml:space="preserve"/>
<data key="d15">
<y:ShapeNode>
<y:Geometry height="30.0" width="67.232421875" x="-714.71915051429" y="570.8971176863283"/>
<y:Fill color="#FFCC00" transparent="false"/>
<y:BorderStyle color="#000000" type="line" width="1.0"/>
<y:NodeLabel alignment="center" autoSizePolicy="content" fontFamily="Dialog" fontSize="12" fontStyle="plain" hasBackgroundColor="false" hasLineColor="false" height="17.96875" horizontalTextPosition="center" iconTextGap="4" modelName="internal" modelPosition="c" textColor="#000000" verticalTextPosition="bottom" visible="true" width="57.232421875" x="5.0" xml:space="preserve" y="6.015625">WWB_00</y:NodeLabel>
<y:Shape type="roundrectangle"/>
</y:ShapeNode>
</data>
<data key="d9"></data><data key="d10">0</data></node>
<node id="n0::n19">
<data key="d12" xml:space="preserve">mrdecision</data>
<data key="d13" xml:space="preserve"/>
<data key="d15">
<y:ShapeNode>
<y:Geometry height="30.0" width="67.232421875" x="-712.6757524352411" y="627.1790275931642"/>
<y:Fill color="#FFCC00" transparent="false"/>
<y:BorderStyle color="#000000" type="line" width="1.0"/>
<y:NodeLabel alignment="center" autoSizePolicy="content" fontFamily="Dialog" fontSize="12" fontStyle="plain" hasBackgroundColor="false" hasLineColor="false" height="17.96875" horizontalTextPosition="center" iconTextGap="4" modelName="internal" modelPosition="c" textColor="#000000" verticalTextPosition="bottom" visible="true" width="57.232421875" x="5.0" xml:space="preserve" y="6.015625">WWB_01</y:NodeLabel>
<y:Shape type="roundrectangle"/>
</y:ShapeNode>
</data>
<data key="d9"></data><data key="d10">0</data></node>
<node id="n0::n20">
<data key="d12" xml:space="preserve">mrdecision</data>
<data key="d13" xml:space="preserve"/>
<data key="d15">
<y:ShapeNode>
<y:Geometry height="30.0" width="67.232421875" x="-714.71915051429" y="683.4609375"/>
<y:Fill color="#FFCC00" transparent="false"/>
<y:BorderStyle color="#000000" type="line" width="1.0"/>
<y:NodeLabel alignment="center" autoSizePolicy="content" fontFamily="Dialog" fontSize="12" fontStyle="plain" hasBackgroundColor="false" hasLineColor="false" height="17.96875" horizontalTextPosition="center" iconTextGap="4" modelName="internal" modelPosition="c" textColor="#000000" verticalTextPosition="bottom" visible="true" width="57.232421875" x="5.0" xml:space="preserve" y="6.015625">WWB_03</y:NodeLabel>
<y:Shape type="roundrectangle"/>
</y:ShapeNode>
</data>
<data key="d9"></data><data key="d10">0</data></node>
<node id="n0::n21">
<data key="d12" xml:space="preserve">mrdecision</data>
<data key="d13" xml:space="preserve"/>
<data key="d15">
<y:ShapeNode>
<y:Geometry height="30.0" width="70.865234375" x="-813.5409868102411" y="570.8971176863283"/>
<y:Fill color="#FFCC00" transparent="false"/>
<y:BorderStyle color="#000000" type="line" width="1.0"/>
<y:NodeLabel alignment="center" autoSizePolicy="content" fontFamily="Dialog" fontSize="12" fontStyle="plain" hasBackgroundColor="false" hasLineColor="false" height="17.96875" horizontalTextPosition="center" iconTextGap="4" modelName="internal" modelPosition="c" textColor="#000000" verticalTextPosition="bottom" visible="true" width="60.865234375" x="5.0" xml:space="preserve" y="6.015625">WWW_00</y:NodeLabel>
<y:Shape type="roundrectangle"/>
</y:ShapeNode>
</data>
<data key="d9"></data><data key="d10">0</data></node>
<node id="n0::n22">
<data key="d12" xml:space="preserve">mrdecision</data>
<data key="d13" xml:space="preserve"/>
<data key="d15">
<y:ShapeNode>
<y:Geometry height="30.0" width="70.865234375" x="-811.4975887311921" y="627.1790275931642"/>
<y:Fill color="#FFCC00" transparent="false"/>
<y:BorderStyle color="#000000" type="line" width="1.0"/>
<y:NodeLabel alignment="center" autoSizePolicy="content" fontFamily="Dialog" fontSize="12" fontStyle="plain" hasBackgroundColor="false" hasLineColor="false" height="17.96875" horizontalTextPosition="center" iconTextGap="4" modelName="internal" modelPosition="c" textColor="#000000" verticalTextPosition="bottom" visible="true" width="60.865234375" x="5.0" xml:space="preserve" y="6.015625">WWW_01</y:NodeLabel>
<y:Shape type="roundrectangle"/>
</y:ShapeNode>
</data>
<data key="d9"></data><data key="d10">0</data></node>
<node id="n0::n23">
<data key="d12" xml:space="preserve">mrdecision</data>
<data key="d13" xml:space="preserve"/>
<data key="d15">
<y:ShapeNode>
<y:Geometry height="30.0" width="70.865234375" x="-813.5409868102411" y="683.4609375"/>
<y:Fill color="#FFCC00" transparent="false"/>
<y:BorderStyle color="#000000" type="line" width="1.0"/>
<y:NodeLabel alignment="center" autoSizePolicy="content" fontFamily="Dialog" fontSize="12" fontStyle="plain" hasBackgroundColor="false" hasLineColor="false" height="17.96875" horizontalTextPosition="center" iconTextGap="4" modelName="internal" modelPosition="c" textColor="#000000" verticalTextPosition="bottom" visible="true" width="60.865234375" x="5.0" xml:space="preserve" y="6.015625">WWW_03</y:NodeLabel>
<y:Shape type="roundrectangle"/>
</y:ShapeNode>
</data>
<data key="d9"></data><data key="d10">0</data></node>
</graph>
<data key="d9"></data><data key="d10">0</data><data key="d13">bla</data></node>
</graph>
<data key="d16">
<y:Resources/>
</data>
</graphml>