<?xml version="1.0" encoding="utf-8"?>
<graphml xmlns="http://graphml.graphdrawing.org/xmlns" xmlns:java="http://www.yworks.com/xml/yfiles-common/1.0/java" xmlns:sys="http://www.yworks.com/xml/yfiles-common/markup/primitives/2.0" xmlns:x="http://www.yworks.com/xml/yfiles-common/markup/2.0" xmlns:xsi="http://www.w3.org/2001/XMLSchema-instance" xmlns:y="http://www.yworks.com/xml/graphml" xmlns:yed="http://www.yworks.com/xml/yed/3" xsi:schemaLocation="http://graphml.graphdrawing.org/xmlns http://www.yworks.com/xml/schema/graphml/1.1/ygraphml.xsd">
<!--Created by yEd 3.23.1-->
<key attr.name="Description" attr.type="string" for="graph" id="d0"/>
<key attr.name="csCode" attr.type="string" for="graph" id="d1">
<default xml:space="preserve"/>
</key>
<key attr.name="identifier" attr.type="string" for="graph" id="d2">
<default xml:space="preserve"/>
</key>
<key attr.name="parentid" attr.type="string" for="graph" id="d3">
<default xml:space="preserve"/>
</key>
<key attr.name="rootid" attr.type="string" for="graph" id="d4">
<default xml:space="preserve"/>
</key>
<key attr.name="parentCSID" attr.type="string" for="graph" id="d5">
<default xml:space="preserve"/>
</key>
<key for="port" id="d6" yfiles.type="portgraphics"/>
<key for="port" id="d7" yfiles.type="portgeometry"/>
<key for="port" id="d8" yfiles.type="portuserdata"/>
<key attr.name="csID" attr.type="string" for="node" id="d9">
<default xml:space="preserve"/>
</key>
<key attr.name="rmID" attr.type="int" for="node" id="d10">
<default xml:space="preserve">0</default>
</key>
<key attr.name="external" attr.type="boolean" for="node" id="d11">
<default xml:space="preserve">false</default>
</key>
<key attr.name="project" attr.type="string" for="node" id="d12">
<default xml:space="preserve"/>
</key>
<key attr.name="url" attr.type="string" for="node" id="d13"/>
<key attr.name="description" attr.type="string" for="node" id="d14"/>
<key for="node" id="d15" yfiles.type="nodegraphics"/>
<key for="graphml" id="d16" yfiles.type="resources"/>
<key attr.name="url" attr.type="string" for="edge" id="d17"/>
<key attr.name="description" attr.type="string" for="edge" id="d18"/>
<key for="edge" id="d19" yfiles.type="edgegraphics"/>
<graph edgedefault="directed" id="G">
<data key="d0" xml:space="preserve"/>
<data key="d1" xml:space="preserve">MRn</data>
<data key="d2" xml:space="preserve">mrnextstep</data>
<data key="d3" xml:space="preserve">mrpath</data>
<data key="d4" xml:space="preserve">missionrobot</data>
<data key="d5" xml:space="preserve">MRp</data>
<node id="n0" yfiles.foldertype="group">
<data key="d12" xml:space="preserve">mrnextstep</data>
<data key="d13" xml:space="preserve"/>
<data key="d15">
<y:ProxyAutoBoundsNode>
<y:Realizers active="0">
<y:GroupNode>
<y:Geometry height="81.4609375" width="119.0" x="-852.6083696227411" y="672.6133778721496"/>
<y:Fill hasColor="false" transparent="false"/>
<y:BorderStyle color="#000000" type="dashed" width="1.0"/>
<y:NodeLabel alignment="right" autoSizePolicy="node_width" backgroundColor="#EBEBEB" borderDistance="0.0" fontFamily="Dialog" fontSize="15" fontStyle="plain" hasLineColor="false" height="21.4609375" horizontalTextPosition="center" iconTextGap="4" modelName="internal" modelPosition="t" textColor="#000000" verticalTextPosition="bottom" visible="true" width="119.0" x="0.0" xml:space="preserve" y="0.0">NextStep</y:NodeLabel>
<y:Shape type="roundrectangle"/>
<y:State closed="false" closedHeight="1557.3791055961901" closedWidth="1419.1561391088312" innerGraphDisplayEnabled="false"/>
<y:NodeBounds considerNodeLabelSize="true"/>
<y:Insets bottom="15" bottomF="15.0" left="15" leftF="15.0" right="15" rightF="15.0" top="15" topF="15.0"/>
<y:BorderInsets bottom="0" bottomF="0.0" left="27" leftF="27.017578125" right="27" rightF="27.017578125" top="0" topF="0.0"/>
</y:GroupNode>
<y:GroupNode>
<y:Geometry height="1557.3791055961901" width="1419.1561391088312" x="-1217.3836400745217" y="171.27646684088086"/>
<y:Fill hasColor="false" transparent="false"/>
<y:BorderStyle color="#000000" type="dashed" width="1.0"/>
<y:NodeLabel alignment="right" autoSizePolicy="node_width" backgroundColor="#EBEBEB" borderDistance="0.0" fontFamily="Dialog" fontSize="15" fontStyle="plain" hasLineColor="false" height="21.4609375" horizontalTextPosition="center" iconTextGap="4" modelName="internal" modelPosition="t" textColor="#000000" verticalTextPosition="bottom" visible="true" width="1419.1561391088312" x="0.0" xml:space="preserve" y="0.0">NextStep</y:NodeLabel>
<y:Shape type="roundrectangle"/>
<y:State closed="true" closedHeight="1557.3791055961901" closedWidth="1419.1561391088312" innerGraphDisplayEnabled="false"/>
<y:Insets bottom="15" bottomF="15.0" left="15" leftF="15.0" right="15" rightF="15.0" top="15" topF="15.0"/>
<y:BorderInsets bottom="0" bottomF="0.0" left="0" leftF="0.0" right="0" rightF="0.0" top="0" topF="0.0"/>
</y:GroupNode>
</y:Realizers>
</y:ProxyAutoBoundsNode>
</data>
<graph edgedefault="directed" id="n0:">
<node id="n0::n0">
<data key="d12" xml:space="preserve">mrnextstep</data>
<data key="d13" xml:space="preserve"/>
<data key="d15">
<y:ShapeNode>
<y:Geometry height="30.0" width="34.96484375" x="-810.5907914977411" y="709.0743153721496"/>
<y:Fill color="#FFCC00" transparent="false"/>
<y:BorderStyle color="#000000" type="line" width="1.0"/>
<y:NodeLabel alignment="center" autoSizePolicy="content" fontFamily="Dialog" fontSize="12" fontStyle="plain" hasBackgroundColor="false" hasLineColor="false" height="17.96875" horizontalTextPosition="center" iconTextGap="4" modelName="internal" modelPosition="c" textColor="#000000" verticalTextPosition="bottom" visible="true" width="24.96484375" x="5.0" xml:space="preserve" y="6.015625">Yes</y:NodeLabel>
<y:Shape type="roundrectangle"/>
</y:ShapeNode>
</data>
<data key="d9"></data><data key="d10">0</data></node>
</graph>
<data key="d9"></data><data key="d10">0</data></node>
</graph>
<data key="d16">
<y:Resources/>
</data>
</graphml>